<?xml version="1.0" encoding="UTF-8"?>
<!-- Generated by org.testng.reporters.JUnitXMLReporter -->
<testsuite ignored="3" hostname="AkshaySeeram" failures="0" tests="1" name="Default test" time="31.717" errors="0" timestamp="11 Sep 2023 09:59:59 GMT">
  <testcase classname="com.comcast.crm.invoicetest.PreConditions" name="createSalesOrder" time="22.943"/>
  <testcase classname="com.comcast.crm.invoicetest.PreConditions" name="createProduct" time="0.0">
    <ignored/>
  </testcase> <!-- createProduct -->
  <testcase classname="com.comcast.crm.invoicetest.PreConditions" name="createContact" time="0.0">
    <ignored/>
  </testcase> <!-- createContact -->
  <testcase classname="com.comcast.crm.invoicetest.PreConditions" name="createOrganization" time="0.0">
    <ignored/>
  </testcase> <!-- createOrganization -->
</testsuite> <!-- Default test -->
