<?xml version="1.0" encoding="UTF-8"?>
<testng-results ignored="3" total="4" passed="1" failed="0" skipped="0">
  <reporter-output>
  </reporter-output>
  <suite started-at="2023-09-11T09:59:27Z" name="Default suite" finished-at="2023-09-11T09:59:59Z" duration-ms="31717">
    <groups>
    </groups>
    <test started-at="2023-09-11T09:59:27Z" name="Default test" finished-at="2023-09-11T09:59:59Z" duration-ms="31717">
      <class name="com.comcast.crm.invoicetest.PreConditions">
        <test-method is-config="true" signature="configBS()[pri:0, instance:com.comcast.crm.invoicetest.PreConditions@210ab13f]" started-at="2023-09-11T09:59:27Z" name="configBS" finished-at="2023-09-11T09:59:27Z" duration-ms="32" status="PASS">
          <reporter-output>
          </reporter-output>
        </test-method> <!-- configBS -->
        <test-method is-config="true" signature="configBC()[pri:0, instance:com.comcast.crm.invoicetest.PreConditions@210ab13f]" started-at="2023-09-11T09:59:27Z" name="configBC" finished-at="2023-09-11T09:59:30Z" duration-ms="2633" status="PASS">
          <reporter-output>
          </reporter-output>
        </test-method> <!-- configBC -->
        <test-method is-config="true" signature="configBM()[pri:0, instance:com.comcast.crm.invoicetest.PreConditions@210ab13f]" started-at="2023-09-11T09:59:30Z" name="configBM" finished-at="2023-09-11T09:59:35Z" duration-ms="4499" status="PASS">
          <reporter-output>
          </reporter-output>
        </test-method> <!-- configBM -->
        <test-method signature="createSalesOrder()[pri:0, instance:com.comcast.crm.invoicetest.PreConditions@210ab13f]" started-at="2023-09-11T09:59:35Z" name="createSalesOrder" finished-at="2023-09-11T09:59:57Z" duration-ms="22943" status="PASS">
          <reporter-output>
          </reporter-output>
        </test-method> <!-- createSalesOrder -->
        <test-method is-config="true" signature="configAM()[pri:0, instance:com.comcast.crm.invoicetest.PreConditions@210ab13f]" started-at="2023-09-11T09:59:57Z" name="configAM" finished-at="2023-09-11T09:59:59Z" duration-ms="1381" status="PASS">
          <reporter-output>
          </reporter-output>
        </test-method> <!-- configAM -->
        <test-method is-config="true" signature="configAC()[pri:0, instance:com.comcast.crm.invoicetest.PreConditions@210ab13f]" started-at="2023-09-11T09:59:59Z" name="configAC" finished-at="2023-09-11T09:59:59Z" duration-ms="248" status="PASS">
          <reporter-output>
          </reporter-output>
        </test-method> <!-- configAC -->
        <test-method is-config="true" signature="configAS()[pri:0, instance:com.comcast.crm.invoicetest.PreConditions@210ab13f]" started-at="2023-09-11T09:59:59Z" name="configAS" finished-at="2023-09-11T09:59:59Z" duration-ms="1" status="PASS">
          <reporter-output>
          </reporter-output>
        </test-method> <!-- configAS -->
      </class> <!-- com.comcast.crm.invoicetest.PreConditions -->
    </test> <!-- Default test -->
  </suite> <!-- Default suite -->
</testng-results>
