<?xml version="1.0" encoding="UTF-8"?>
<testng-results ignored="0" total="1" passed="1" failed="0" skipped="0">
  <reporter-output>
  </reporter-output>
  <suite started-at="2023-09-09T09:50:13Z" name="Default suite" finished-at="2023-09-09T09:50:33Z" duration-ms="20023">
    <groups>
    </groups>
    <test started-at="2023-09-09T09:50:13Z" name="Default test" finished-at="2023-09-09T09:50:33Z" duration-ms="20023">
      <class name="com.comcast.crm.invoicetest.TC_11_Test">
        <test-method is-config="true" signature="configBS()[pri:0, instance:com.comcast.crm.invoicetest.TC_11_Test@4b520ea8]" started-at="2023-09-09T09:50:12Z" name="configBS" finished-at="2023-09-09T09:50:13Z" duration-ms="50" status="PASS">
          <reporter-output>
          </reporter-output>
        </test-method> <!-- configBS -->
        <test-method is-config="true" signature="configBC()[pri:0, instance:com.comcast.crm.invoicetest.TC_11_Test@4b520ea8]" started-at="2023-09-09T09:50:13Z" name="configBC" finished-at="2023-09-09T09:50:15Z" duration-ms="2321" status="PASS">
          <reporter-output>
          </reporter-output>
        </test-method> <!-- configBC -->
        <test-method is-config="true" signature="configBM()[pri:0, instance:com.comcast.crm.invoicetest.TC_11_Test@4b520ea8]" started-at="2023-09-09T09:50:15Z" name="configBM" finished-at="2023-09-09T09:50:20Z" duration-ms="4665" status="PASS">
          <reporter-output>
          </reporter-output>
        </test-method> <!-- configBM -->
        <test-method signature="delete_MultipleInvoiceDetails_fromListView()[pri:0, instance:com.comcast.crm.invoicetest.TC_11_Test@4b520ea8]" started-at="2023-09-09T09:50:20Z" name="delete_MultipleInvoiceDetails_fromListView" finished-at="2023-09-09T09:50:30Z" duration-ms="10730" status="PASS">
          <reporter-output>
          </reporter-output>
        </test-method> <!-- delete_MultipleInvoiceDetails_fromListView -->
        <test-method is-config="true" signature="configAM()[pri:0, instance:com.comcast.crm.invoicetest.TC_11_Test@4b520ea8]" started-at="2023-09-09T09:50:30Z" name="configAM" finished-at="2023-09-09T09:50:32Z" duration-ms="2071" status="PASS">
          <reporter-output>
          </reporter-output>
        </test-method> <!-- configAM -->
        <test-method is-config="true" signature="configAC()[pri:0, instance:com.comcast.crm.invoicetest.TC_11_Test@4b520ea8]" started-at="2023-09-09T09:50:32Z" name="configAC" finished-at="2023-09-09T09:50:33Z" duration-ms="205" status="PASS">
          <reporter-output>
          </reporter-output>
        </test-method> <!-- configAC -->
        <test-method is-config="true" signature="configAS()[pri:0, instance:com.comcast.crm.invoicetest.TC_11_Test@4b520ea8]" started-at="2023-09-09T09:50:33Z" name="configAS" finished-at="2023-09-09T09:50:33Z" duration-ms="1" status="PASS">
          <reporter-output>
          </reporter-output>
        </test-method> <!-- configAS -->
      </class> <!-- com.comcast.crm.invoicetest.TC_11_Test -->
    </test> <!-- Default test -->
  </suite> <!-- Default suite -->
</testng-results>
